<?xml version="1.0" encoding="UTF-8"?>
<robot generator="Robot 7.4.2 (Python 3.14.5 on win32)" generated="2026-06-01T16:20:57.526470" rpa="false" schemaversion="5">
<suite id="s1" name="Glicemia" source="C:\Users\Rhuan\Documents\AppVitalog\robot\TW6\glicemia.robot">
<test id="s1-t1" name="CT01 - Registrar Glicemia Com Sucesso" line="23">
<kw name="Dado que o usuário loga e acessa a tela de glicemia" type="SETUP">
<kw name="Open Browser" owner="SeleniumLibrary">
<msg time="2026-06-01T16:20:58.051377" level="INFO">Opening browser 'Chrome' to base url 'http://localhost:3000/login'.</msg>
<arg>${URL_LOGIN}</arg>
<arg>${BROWSER}</arg>
<doc>Opens a new browser instance to the optional ``url``.</doc>
<status status="PASS" start="2026-06-01T16:20:58.050582" elapsed="1.391663"/>
</kw>
<kw name="Maximize Browser Window" owner="SeleniumLibrary">
<doc>Maximizes current browser window.</doc>
<status status="PASS" start="2026-06-01T16:20:59.442596" elapsed="0.032518"/>
</kw>
<kw name="Input Text" owner="SeleniumLibrary">
<msg time="2026-06-01T16:20:59.476063" level="INFO">Typing text 'rhuan@gmail.com' into text field 'id=email'.</msg>
<arg>${INPUT_EMAIL}</arg>
<arg>rhuan@gmail.com</arg>
<doc>Types the given ``text`` into the text field identified by ``locator``.</doc>
<status status="PASS" start="2026-06-01T16:20:59.475389" elapsed="0.127753"/>
</kw>
<kw name="Input Password" owner="SeleniumLibrary">
<msg time="2026-06-01T16:20:59.603915" level="INFO">Typing password into text field 'id=senha'.</msg>
<msg time="2026-06-01T16:20:59.646274" level="INFO">Temporally setting log level to: NONE</msg>
<arg>${INPUT_SENHA}</arg>
<arg>123456</arg>
<doc>Types the given password into the text field identified by ``locator``.</doc>
<status status="PASS" start="2026-06-01T16:20:59.603470" elapsed="0.100494"/>
</kw>
<kw name="Click Element" owner="SeleniumLibrary">
<msg time="2026-06-01T16:20:59.704627" level="INFO">Clicking element 'css=.btn-auth'.</msg>
<arg>${BOTAO_LOGIN}</arg>
<doc>Click the element identified by ``locator``.</doc>
<status status="PASS" start="2026-06-01T16:20:59.704236" elapsed="0.373794"/>
</kw>
<kw name="Wait Until Location Does Not Contain" owner="SeleniumLibrary">
<arg>/login</arg>
<arg>timeout=10s</arg>
<doc>Waits until the current URL does not contains ``location``.</doc>
<status status="PASS" start="2026-06-01T16:21:00.078295" elapsed="0.008087"/>
</kw>
<kw name="Go To" owner="SeleniumLibrary">
<msg time="2026-06-01T16:21:00.086819" level="INFO">Opening url 'http://localhost:3000/registrar'</msg>
<arg>${URL_REGISTRO}</arg>
<doc>Navigates the current browser window to the provided ``url``.</doc>
<status status="PASS" start="2026-06-01T16:21:00.086587" elapsed="0.099209"/>
</kw>
<kw name="Wait Until Element Is Visible" owner="SeleniumLibrary">
<arg>${BOTAO_GLICEMIA}</arg>
<arg>timeout=10s</arg>
<doc>Waits until the element ``locator`` is visible.</doc>
<status status="PASS" start="2026-06-01T16:21:00.186056" elapsed="0.031103"/>
</kw>
<kw name="Click Element" owner="SeleniumLibrary">
<msg time="2026-06-01T16:21:00.217839" level="INFO">Clicking element 'id=btnGlicemia'.</msg>
<arg>${BOTAO_GLICEMIA}</arg>
<doc>Click the element identified by ``locator``.</doc>
<status status="PASS" start="2026-06-01T16:21:00.217432" elapsed="0.086691"/>
</kw>
<status status="PASS" start="2026-06-01T16:20:58.048468" elapsed="2.255853"/>
</kw>
<kw name="Preencher Formulario De Glicemia">
<kw name="Wait Until Element Is Visible" owner="SeleniumLibrary">
<arg>${INPUT_VALOR}</arg>
<arg>timeout=5s</arg>
<doc>Waits until the element ``locator`` is visible.</doc>
<status status="PASS" start="2026-06-01T16:21:00.305421" elapsed="0.022869"/>
</kw>
<kw name="Input Text" owner="SeleniumLibrary">
<msg time="2026-06-01T16:21:00.329008" level="INFO">Typing text '90' into text field 'id=valor'.</msg>
<arg>${INPUT_VALOR}</arg>
<arg>${valor}</arg>
<doc>Types the given ``text`` into the text field identified by ``locator``.</doc>
<status status="PASS" start="2026-06-01T16:21:00.328555" elapsed="0.095278"/>
</kw>
<kw name="Input Text" owner="SeleniumLibrary">
<msg time="2026-06-01T16:21:00.424556" level="INFO">Typing text '2026-06-01T10:00' into text field 'id=dataHoraGlicemia'.</msg>
<arg>${INPUT_DATA_HORA}</arg>
<arg>${dataHora}</arg>
<doc>Types the given ``text`` into the text field identified by ``locator``.</doc>
<status status="PASS" start="2026-06-01T16:21:00.424101" elapsed="0.119587"/>
</kw>
<arg>90</arg>
<arg>2026-06-01T10:00</arg>
<status status="PASS" start="2026-06-01T16:21:00.304942" elapsed="0.238977"/>
</kw>
<kw name="Submeter Formulario De Glicemia">
<kw name="Click Button" owner="SeleniumLibrary">
<msg time="2026-06-01T16:21:00.545951" level="INFO">Clicking button 'css=#formGlicemiaWrap .btn-registrar'.</msg>
<arg>${BOTAO_REGISTRAR}</arg>
<doc>Clicks the button identified by ``locator``.</doc>
<status status="PASS" start="2026-06-01T16:21:00.545298" elapsed="0.107212"/>
</kw>
<status status="PASS" start="2026-06-01T16:21:00.544600" elapsed="0.108094"/>
</kw>
<kw name="Wait Until Element Is Visible" owner="SeleniumLibrary">
<arg>css=.alerta-sucesso</arg>
<arg>timeout=5s</arg>
<doc>Waits until the element ``locator`` is visible.</doc>
<status status="PASS" start="2026-06-01T16:21:00.653054" elapsed="3.282675"/>
</kw>
<kw name="Fechar Navegador" type="TEARDOWN">
<kw name="Close Browser" owner="SeleniumLibrary">
<doc>Closes the current browser.</doc>
<status status="PASS" start="2026-06-01T16:21:03.936934" elapsed="2.206798"/>
</kw>
<status status="PASS" start="2026-06-01T16:21:03.936435" elapsed="2.207632"/>
</kw>
<status status="PASS" start="2026-06-01T16:20:58.046280" elapsed="8.098245"/>
</test>
<test id="s1-t2" name="CT02 - Glicemia Invalida (Valor Negativo)" line="28">
<kw name="Dado que o usuário loga e acessa a tela de glicemia" type="SETUP">
<kw name="Open Browser" owner="SeleniumLibrary">
<msg time="2026-06-01T16:21:06.148700" level="INFO">Opening browser 'Chrome' to base url 'http://localhost:3000/login'.</msg>
<arg>${URL_LOGIN}</arg>
<arg>${BROWSER}</arg>
<doc>Opens a new browser instance to the optional ``url``.</doc>
<status status="PASS" start="2026-06-01T16:21:06.148034" elapsed="1.791490"/>
</kw>
<kw name="Maximize Browser Window" owner="SeleniumLibrary">
<doc>Maximizes current browser window.</doc>
<status status="PASS" start="2026-06-01T16:21:07.939791" elapsed="0.024692"/>
</kw>
<kw name="Input Text" owner="SeleniumLibrary">
<msg time="2026-06-01T16:21:07.965238" level="INFO">Typing text 'rhuan@gmail.com' into text field 'id=email'.</msg>
<arg>${INPUT_EMAIL}</arg>
<arg>rhuan@gmail.com</arg>
<doc>Types the given ``text`` into the text field identified by ``locator``.</doc>
<status status="PASS" start="2026-06-01T16:21:07.964760" elapsed="0.134149"/>
</kw>
<kw name="Input Password" owner="SeleniumLibrary">
<msg time="2026-06-01T16:21:08.099597" level="INFO">Typing password into text field 'id=senha'.</msg>
<msg time="2026-06-01T16:21:08.145564" level="INFO">Temporally setting log level to: NONE</msg>
<arg>${INPUT_SENHA}</arg>
<arg>123456</arg>
<doc>Types the given password into the text field identified by ``locator``.</doc>
<status status="PASS" start="2026-06-01T16:21:08.099175" elapsed="0.106690"/>
</kw>
<kw name="Click Element" owner="SeleniumLibrary">
<msg time="2026-06-01T16:21:08.206509" level="INFO">Clicking element 'css=.btn-auth'.</msg>
<arg>${BOTAO_LOGIN}</arg>
<doc>Click the element identified by ``locator``.</doc>
<status status="PASS" start="2026-06-01T16:21:08.206122" elapsed="0.427034"/>
</kw>
<kw name="Wait Until Location Does Not Contain" owner="SeleniumLibrary">
<arg>/login</arg>
<arg>timeout=10s</arg>
<doc>Waits until the current URL does not contains ``location``.</doc>
<status status="PASS" start="2026-06-01T16:21:08.633580" elapsed="0.009010"/>
</kw>
<kw name="Go To" owner="SeleniumLibrary">
<msg time="2026-06-01T16:21:08.643419" level="INFO">Opening url 'http://localhost:3000/registrar'</msg>
<arg>${URL_REGISTRO}</arg>
<doc>Navigates the current browser window to the provided ``url``.</doc>
<status status="PASS" start="2026-06-01T16:21:08.642996" elapsed="0.042902"/>
</kw>
<kw name="Wait Until Element Is Visible" owner="SeleniumLibrary">
<arg>${BOTAO_GLICEMIA}</arg>
<arg>timeout=10s</arg>
<doc>Waits until the element ``locator`` is visible.</doc>
<status status="PASS" start="2026-06-01T16:21:08.686225" elapsed="0.026080"/>
</kw>
<kw name="Click Element" owner="SeleniumLibrary">
<msg time="2026-06-01T16:21:08.712990" level="INFO">Clicking element 'id=btnGlicemia'.</msg>
<arg>${BOTAO_GLICEMIA}</arg>
<doc>Click the element identified by ``locator``.</doc>
<status status="PASS" start="2026-06-01T16:21:08.712572" elapsed="0.079853"/>
</kw>
<status status="PASS" start="2026-06-01T16:21:06.147246" elapsed="2.645352"/>
</kw>
<kw name="Preencher Formulario De Glicemia">
<kw name="Wait Until Element Is Visible" owner="SeleniumLibrary">
<arg>${INPUT_VALOR}</arg>
<arg>timeout=5s</arg>
<doc>Waits until the element ``locator`` is visible.</doc>
<status status="PASS" start="2026-06-01T16:21:08.793789" elapsed="0.031781"/>
</kw>
<kw name="Input Text" owner="SeleniumLibrary">
<msg time="2026-06-01T16:21:08.826253" level="INFO">Typing text '-60' into text field 'id=valor'.</msg>
<arg>${INPUT_VALOR}</arg>
<arg>${valor}</arg>
<doc>Types the given ``text`` into the text field identified by ``locator``.</doc>
<status status="PASS" start="2026-06-01T16:21:08.825851" elapsed="0.198412"/>
</kw>
<kw name="Input Text" owner="SeleniumLibrary">
<msg time="2026-06-01T16:21:09.024987" level="INFO">Typing text '2026-06-01T10:00' into text field 'id=dataHoraGlicemia'.</msg>
<arg>${INPUT_DATA_HORA}</arg>
<arg>${dataHora}</arg>
<doc>Types the given ``text`` into the text field identified by ``locator``.</doc>
<status status="PASS" start="2026-06-01T16:21:09.024523" elapsed="0.123634"/>
</kw>
<arg>-60</arg>
<arg>2026-06-01T10:00</arg>
<status status="PASS" start="2026-06-01T16:21:08.793353" elapsed="0.354980"/>
</kw>
<kw name="Submeter Formulario De Glicemia">
<kw name="Click Button" owner="SeleniumLibrary">
<msg time="2026-06-01T16:21:09.149567" level="INFO">Clicking button 'css=#formGlicemiaWrap .btn-registrar'.</msg>
<arg>${BOTAO_REGISTRAR}</arg>
<doc>Clicks the button identified by ``locator``.</doc>
<status status="PASS" start="2026-06-01T16:21:09.149214" elapsed="0.104632"/>
</kw>
<status status="PASS" start="2026-06-01T16:21:09.148818" elapsed="0.105183"/>
</kw>
<kw name="Então o navegador deve bloquear o campo alertando">
<kw name="Wait Until Element Is Visible" owner="SeleniumLibrary">
<arg>css=#${id_campo}:invalid</arg>
<arg>timeout=5s</arg>
<doc>Waits until the element ``locator`` is visible.</doc>
<status status="PASS" start="2026-06-01T16:21:09.254982" elapsed="0.022795"/>
</kw>
<kw name="Execute Javascript" owner="SeleniumLibrary">
<msg time="2026-06-01T16:21:09.278433" level="INFO">Executing JavaScript:
return document.getElementById('valor').validationMessage;
Without any arguments.</msg>
<msg time="2026-06-01T16:21:09.286870" level="INFO">${mensagem_nativa} = O valor deve ser maior ou igual a 20.</msg>
<var>${mensagem_nativa}</var>
<arg>return document.getElementById('${id_campo}').validationMessage;</arg>
<doc>Executes the given JavaScript code with possible arguments.</doc>
<status status="PASS" start="2026-06-01T16:21:09.278076" elapsed="0.008858"/>
</kw>
<kw name="Should Be Equal As Strings" owner="BuiltIn">
<arg>${mensagem_nativa}</arg>
<arg>${mensagem_esperada}</arg>
<doc>Fails if objects are unequal after converting them to strings.</doc>
<status status="PASS" start="2026-06-01T16:21:09.287161" elapsed="0.000606"/>
</kw>
<arg>valor</arg>
<arg>O valor deve ser maior ou igual a 20.</arg>
<status status="PASS" start="2026-06-01T16:21:09.254493" elapsed="0.033385"/>
</kw>
<kw name="Fechar Navegador" type="TEARDOWN">
<kw name="Close Browser" owner="SeleniumLibrary">
<doc>Closes the current browser.</doc>
<status status="PASS" start="2026-06-01T16:21:09.288815" elapsed="2.168083"/>
</kw>
<status status="PASS" start="2026-06-01T16:21:09.288438" elapsed="2.168791"/>
</kw>
<status status="PASS" start="2026-06-01T16:21:06.145889" elapsed="5.311789"/>
</test>
<status status="PASS" start="2026-06-01T16:20:57.528826" elapsed="13.930710"/>
</suite>
<statistics>
<total>
<stat pass="2" fail="0" skip="0">All Tests</stat>
</total>
<tag>
</tag>
<suite>
<stat name="Glicemia" id="s1" pass="2" fail="0" skip="0">Glicemia</stat>
</suite>
</statistics>
<errors>
</errors>
</robot>
