<?xml version="1.0" encoding="UTF-8"?>
<robot generator="Robot 7.4.2 (Python 3.14.5 on win32)" generated="2026-06-05T15:15:17.202470" rpa="false" schemaversion="5">
<suite id="s1" name="Medicao" source="C:\Users\Rhuan\Documents\AppVitalog\robot\tw7\medicao.robot">
<test id="s1-t1" name="CT01 - Confirma exclusao com banco disponivel" line="28">
<kw name="Preparar Ambiente Para Exclusao" type="SETUP">
<kw name="Open Browser" owner="SeleniumLibrary">
<msg time="2026-06-05T15:15:17.740903" level="INFO">Opening browser 'Chrome' to base url 'http://localhost:3000/login'.</msg>
<arg>${URL}/login</arg>
<arg>${BROWSER}</arg>
<doc>Opens a new browser instance to the optional ``url``.</doc>
<status status="PASS" start="2026-06-05T15:15:17.740438" elapsed="1.365085"/>
</kw>
<kw name="Maximize Browser Window" owner="SeleniumLibrary">
<doc>Maximizes current browser window.</doc>
<status status="PASS" start="2026-06-05T15:15:19.105869" elapsed="0.026355"/>
</kw>
<kw name="Input Text" owner="SeleniumLibrary">
<msg time="2026-06-05T15:15:19.133183" level="INFO">Typing text 'rhuan@gmail.com' into text field 'id=email'.</msg>
<arg>${INPUT_EMAIL}</arg>
<arg>rhuan@gmail.com</arg>
<doc>Types the given ``text`` into the text field identified by ``locator``.</doc>
<status status="PASS" start="2026-06-05T15:15:19.132506" elapsed="0.148951"/>
</kw>
<kw name="Input Password" owner="SeleniumLibrary">
<msg time="2026-06-05T15:15:19.282174" level="INFO">Typing password into text field 'id=senha'.</msg>
<msg time="2026-06-05T15:15:19.328807" level="INFO">Temporally setting log level to: NONE</msg>
<arg>${INPUT_SENHA}</arg>
<arg>123456</arg>
<doc>Types the given password into the text field identified by ``locator``.</doc>
<status status="PASS" start="2026-06-05T15:15:19.281730" elapsed="0.102880"/>
</kw>
<kw name="Click Button" owner="SeleniumLibrary">
<msg time="2026-06-05T15:15:19.385277" level="INFO">Clicking button 'css=.btn-auth'.</msg>
<arg>${BOTAO_LOGIN}</arg>
<doc>Clicks the button identified by ``locator``.</doc>
<status status="PASS" start="2026-06-05T15:15:19.384882" elapsed="0.255975"/>
</kw>
<kw name="Wait Until Location Is" owner="SeleniumLibrary">
<arg>${URL}/registrar</arg>
<arg>timeout=10s</arg>
<doc>Waits until the current URL is ``expected``.</doc>
<status status="PASS" start="2026-06-05T15:15:19.641128" elapsed="0.169018"/>
</kw>
<kw name="Wait Until Element Is Visible" owner="SeleniumLibrary">
<arg>${INPUT_SISTOLICO}</arg>
<arg>timeout=5s</arg>
<doc>Waits until the element ``locator`` is visible.</doc>
<status status="PASS" start="2026-06-05T15:15:19.810420" elapsed="0.031148"/>
</kw>
<kw name="Input Text" owner="SeleniumLibrary">
<msg time="2026-06-05T15:15:19.842271" level="INFO">Typing text '120' into text field 'id=sistolico'.</msg>
<arg>${INPUT_SISTOLICO}</arg>
<arg>120</arg>
<doc>Types the given ``text`` into the text field identified by ``locator``.</doc>
<status status="PASS" start="2026-06-05T15:15:19.841847" elapsed="0.100062"/>
</kw>
<kw name="Input Text" owner="SeleniumLibrary">
<msg time="2026-06-05T15:15:19.942618" level="INFO">Typing text '80' into text field 'id=diastolico'.</msg>
<arg>${INPUT_DIASTOLICO}</arg>
<arg>80</arg>
<doc>Types the given ``text`` into the text field identified by ``locator``.</doc>
<status status="PASS" start="2026-06-05T15:15:19.942188" elapsed="0.086912"/>
</kw>
<kw name="Click Button" owner="SeleniumLibrary">
<msg time="2026-06-05T15:15:20.029774" level="INFO">Clicking button 'css=button.btn-registrar'.</msg>
<arg>${BTN_REGISTRAR}</arg>
<doc>Clicks the button identified by ``locator``.</doc>
<status status="PASS" start="2026-06-05T15:15:20.029367" elapsed="0.151231"/>
</kw>
<kw name="Wait Until Element Is Visible" owner="SeleniumLibrary">
<arg>css=.alerta-sucesso</arg>
<arg>timeout=10s</arg>
<doc>Waits until the element ``locator`` is visible.</doc>
<status status="PASS" start="2026-06-05T15:15:20.180873" elapsed="0.049999"/>
</kw>
<kw name="Go To" owner="SeleniumLibrary">
<msg time="2026-06-05T15:15:20.231402" level="INFO">Opening url 'http://localhost:3000/historico'</msg>
<arg>${URL}/historico</arg>
<doc>Navigates the current browser window to the provided ``url``.</doc>
<status status="PASS" start="2026-06-05T15:15:20.231127" elapsed="0.062051"/>
</kw>
<kw name="Wait Until Element Is Visible" owner="SeleniumLibrary">
<arg>${BTN_EXCLUIR_LISTA}</arg>
<arg>timeout=15s</arg>
<doc>Waits until the element ``locator`` is visible.</doc>
<status status="PASS" start="2026-06-05T15:15:20.293454" elapsed="0.052695"/>
</kw>
<status status="PASS" start="2026-06-05T15:15:17.739359" elapsed="2.606984"/>
</kw>
<kw name="Selecionar Registro">
<kw name="Scroll Element Into View" owner="SeleniumLibrary">
<arg>${BTN_EXCLUIR_LISTA}</arg>
<doc>Scrolls the element identified by ``locator`` into view.</doc>
<status status="PASS" start="2026-06-05T15:15:20.347303" elapsed="0.279551"/>
</kw>
<kw name="Sleep" owner="BuiltIn">
<msg time="2026-06-05T15:15:21.627902" level="INFO">Slept 1 second.</msg>
<arg>1s</arg>
<doc>Pauses the test executed for the given time.</doc>
<status status="PASS" start="2026-06-05T15:15:20.627119" elapsed="1.001078"/>
</kw>
<kw name="Click Element" owner="SeleniumLibrary">
<msg time="2026-06-05T15:15:21.629437" level="INFO">Clicking element 'css=.btn-excluir'.</msg>
<arg>${BTN_EXCLUIR_LISTA}</arg>
<doc>Click the element identified by ``locator``.</doc>
<status status="PASS" start="2026-06-05T15:15:21.628664" elapsed="0.155576"/>
</kw>
<kw name="Wait Until Element Is Visible" owner="SeleniumLibrary">
<arg>${MODAL}</arg>
<arg>timeout=10s</arg>
<doc>Waits until the element ``locator`` is visible.</doc>
<status status="PASS" start="2026-06-05T15:15:21.784730" elapsed="0.036049"/>
</kw>
<status status="PASS" start="2026-06-05T15:15:20.346867" elapsed="1.474161"/>
</kw>
<kw name="Confirmar Exclusao">
<kw name="Wait Until Element Is Visible" owner="SeleniumLibrary">
<arg>${BTN_CONFIRMAR}</arg>
<arg>timeout=5s</arg>
<doc>Waits until the element ``locator`` is visible.</doc>
<status status="PASS" start="2026-06-05T15:15:21.822180" elapsed="0.028695"/>
</kw>
<kw name="Click Button" owner="SeleniumLibrary">
<msg time="2026-06-05T15:15:21.851747" level="INFO">Clicking button 'css=.btn-confirmar-excluir'.</msg>
<arg>${BTN_CONFIRMAR}</arg>
<doc>Clicks the button identified by ``locator``.</doc>
<status status="PASS" start="2026-06-05T15:15:21.851225" elapsed="0.117818"/>
</kw>
<kw name="Wait Until Element Is Not Visible" owner="SeleniumLibrary">
<arg>${MODAL}</arg>
<arg>timeout=10s</arg>
<doc>Waits until the element ``locator`` is not visible.</doc>
<status status="PASS" start="2026-06-05T15:15:21.969404" elapsed="0.085688"/>
</kw>
<kw name="Sleep" owner="BuiltIn">
<msg time="2026-06-05T15:15:23.056260" level="INFO">Slept 1 second.</msg>
<arg>1s</arg>
<doc>Pauses the test executed for the given time.</doc>
<status status="PASS" start="2026-06-05T15:15:22.055405" elapsed="1.001151"/>
</kw>
<status status="PASS" start="2026-06-05T15:15:21.821634" elapsed="1.235219"/>
</kw>
<kw name="Wait Until Page Contains" owner="SeleniumLibrary">
<arg>${MSG_SUCESSO}</arg>
<arg>timeout=5s</arg>
<doc>Waits until ``text`` appears on the current page.</doc>
<status status="PASS" start="2026-06-05T15:15:23.057468" elapsed="0.023166"/>
</kw>
<kw name="Fechar Navegador" type="TEARDOWN">
<kw name="Close Browser" owner="SeleniumLibrary">
<doc>Closes the current browser.</doc>
<status status="PASS" start="2026-06-05T15:15:23.081893" elapsed="2.164694"/>
</kw>
<status status="PASS" start="2026-06-05T15:15:23.081381" elapsed="2.165424"/>
</kw>
<status status="PASS" start="2026-06-05T15:15:17.737972" elapsed="7.509152"/>
</test>
<test id="s1-t2" name="CT02 - Confirma exclusao com banco indisponivel" line="33">
<kw name="Preparar Ambiente Para Exclusao" type="SETUP">
<kw name="Open Browser" owner="SeleniumLibrary">
<msg time="2026-06-05T15:15:25.249770" level="INFO">Opening browser 'Chrome' to base url 'http://localhost:3000/login'.</msg>
<arg>${URL}/login</arg>
<arg>${BROWSER}</arg>
<doc>Opens a new browser instance to the optional ``url``.</doc>
<status status="PASS" start="2026-06-05T15:15:25.249374" elapsed="1.749603"/>
</kw>
<kw name="Maximize Browser Window" owner="SeleniumLibrary">
<doc>Maximizes current browser window.</doc>
<status status="PASS" start="2026-06-05T15:15:26.999303" elapsed="0.035071"/>
</kw>
<kw name="Input Text" owner="SeleniumLibrary">
<msg time="2026-06-05T15:15:27.035129" level="INFO">Typing text 'rhuan@gmail.com' into text field 'id=email'.</msg>
<arg>${INPUT_EMAIL}</arg>
<arg>rhuan@gmail.com</arg>
<doc>Types the given ``text`` into the text field identified by ``locator``.</doc>
<status status="PASS" start="2026-06-05T15:15:27.034666" elapsed="0.129341"/>
</kw>
<kw name="Input Password" owner="SeleniumLibrary">
<msg time="2026-06-05T15:15:27.164716" level="INFO">Typing password into text field 'id=senha'.</msg>
<msg time="2026-06-05T15:15:27.212515" level="INFO">Temporally setting log level to: NONE</msg>
<arg>${INPUT_SENHA}</arg>
<arg>123456</arg>
<doc>Types the given password into the text field identified by ``locator``.</doc>
<status status="PASS" start="2026-06-05T15:15:27.164289" elapsed="0.103198"/>
</kw>
<kw name="Click Button" owner="SeleniumLibrary">
<msg time="2026-06-05T15:15:27.268133" level="INFO">Clicking button 'css=.btn-auth'.</msg>
<arg>${BOTAO_LOGIN}</arg>
<doc>Clicks the button identified by ``locator``.</doc>
<status status="PASS" start="2026-06-05T15:15:27.267744" elapsed="0.390668"/>
</kw>
<kw name="Wait Until Location Is" owner="SeleniumLibrary">
<arg>${URL}/registrar</arg>
<arg>timeout=10s</arg>
<doc>Waits until the current URL is ``expected``.</doc>
<status status="PASS" start="2026-06-05T15:15:27.658849" elapsed="0.047298"/>
</kw>
<kw name="Wait Until Element Is Visible" owner="SeleniumLibrary">
<arg>${INPUT_SISTOLICO}</arg>
<arg>timeout=5s</arg>
<doc>Waits until the element ``locator`` is visible.</doc>
<status status="PASS" start="2026-06-05T15:15:27.706411" elapsed="0.028382"/>
</kw>
<kw name="Input Text" owner="SeleniumLibrary">
<msg time="2026-06-05T15:15:27.735469" level="INFO">Typing text '120' into text field 'id=sistolico'.</msg>
<arg>${INPUT_SISTOLICO}</arg>
<arg>120</arg>
<doc>Types the given ``text`` into the text field identified by ``locator``.</doc>
<status status="PASS" start="2026-06-05T15:15:27.735056" elapsed="0.101314"/>
</kw>
<kw name="Input Text" owner="SeleniumLibrary">
<msg time="2026-06-05T15:15:27.837154" level="INFO">Typing text '80' into text field 'id=diastolico'.</msg>
<arg>${INPUT_DIASTOLICO}</arg>
<arg>80</arg>
<doc>Types the given ``text`` into the text field identified by ``locator``.</doc>
<status status="PASS" start="2026-06-05T15:15:27.836665" elapsed="0.114234"/>
</kw>
<kw name="Click Button" owner="SeleniumLibrary">
<msg time="2026-06-05T15:15:27.951571" level="INFO">Clicking button 'css=button.btn-registrar'.</msg>
<arg>${BTN_REGISTRAR}</arg>
<doc>Clicks the button identified by ``locator``.</doc>
<status status="PASS" start="2026-06-05T15:15:27.951172" elapsed="0.118815"/>
</kw>
<kw name="Wait Until Element Is Visible" owner="SeleniumLibrary">
<arg>css=.alerta-sucesso</arg>
<arg>timeout=10s</arg>
<doc>Waits until the element ``locator`` is visible.</doc>
<status status="PASS" start="2026-06-05T15:15:28.070255" elapsed="0.090567"/>
</kw>
<kw name="Go To" owner="SeleniumLibrary">
<msg time="2026-06-05T15:15:28.161351" level="INFO">Opening url 'http://localhost:3000/historico'</msg>
<arg>${URL}/historico</arg>
<doc>Navigates the current browser window to the provided ``url``.</doc>
<status status="PASS" start="2026-06-05T15:15:28.161085" elapsed="0.090928"/>
</kw>
<kw name="Wait Until Element Is Visible" owner="SeleniumLibrary">
<arg>${BTN_EXCLUIR_LISTA}</arg>
<arg>timeout=15s</arg>
<doc>Waits until the element ``locator`` is visible.</doc>
<status status="PASS" start="2026-06-05T15:15:28.252315" elapsed="0.021464"/>
</kw>
<status status="PASS" start="2026-06-05T15:15:25.248902" elapsed="3.025061"/>
</kw>
<kw name="Simular Banco Indisponivel">
<kw name="Log" owner="BuiltIn">
<msg time="2026-06-05T15:15:28.275372" level="INFO">Simulação de indisponibilidade</msg>
<arg>Simulação de indisponibilidade</arg>
<doc>Logs the given message with the given level.</doc>
<status status="PASS" start="2026-06-05T15:15:28.274903" elapsed="0.000562"/>
</kw>
<status status="PASS" start="2026-06-05T15:15:28.274466" elapsed="0.001120"/>
</kw>
<kw name="Selecionar Registro">
<kw name="Scroll Element Into View" owner="SeleniumLibrary">
<arg>${BTN_EXCLUIR_LISTA}</arg>
<doc>Scrolls the element identified by ``locator`` into view.</doc>
<status status="PASS" start="2026-06-05T15:15:28.276284" elapsed="0.284898"/>
</kw>
<kw name="Sleep" owner="BuiltIn">
<msg time="2026-06-05T15:15:29.562491" level="INFO">Slept 1 second.</msg>
<arg>1s</arg>
<doc>Pauses the test executed for the given time.</doc>
<status status="PASS" start="2026-06-05T15:15:28.561435" elapsed="1.001366"/>
</kw>
<kw name="Click Element" owner="SeleniumLibrary">
<msg time="2026-06-05T15:15:29.564053" level="INFO">Clicking element 'css=.btn-excluir'.</msg>
<arg>${BTN_EXCLUIR_LISTA}</arg>
<doc>Click the element identified by ``locator``.</doc>
<status status="PASS" start="2026-06-05T15:15:29.563277" elapsed="0.116468"/>
</kw>
<kw name="Wait Until Element Is Visible" owner="SeleniumLibrary">
<arg>${MODAL}</arg>
<arg>timeout=10s</arg>
<doc>Waits until the element ``locator`` is visible.</doc>
<status status="PASS" start="2026-06-05T15:15:29.680100" elapsed="0.028510"/>
</kw>
<status status="PASS" start="2026-06-05T15:15:28.275935" elapsed="1.432897"/>
</kw>
<kw name="Confirmar Exclusao">
<kw name="Wait Until Element Is Visible" owner="SeleniumLibrary">
<arg>${BTN_CONFIRMAR}</arg>
<arg>timeout=5s</arg>
<doc>Waits until the element ``locator`` is visible.</doc>
<status status="PASS" start="2026-06-05T15:15:29.709900" elapsed="0.027441"/>
</kw>
<kw name="Click Button" owner="SeleniumLibrary">
<msg time="2026-06-05T15:15:29.738168" level="INFO">Clicking button 'css=.btn-confirmar-excluir'.</msg>
<arg>${BTN_CONFIRMAR}</arg>
<doc>Clicks the button identified by ``locator``.</doc>
<status status="PASS" start="2026-06-05T15:15:29.737670" elapsed="0.161308"/>
</kw>
<kw name="Wait Until Element Is Not Visible" owner="SeleniumLibrary">
<arg>${MODAL}</arg>
<arg>timeout=10s</arg>
<doc>Waits until the element ``locator`` is not visible.</doc>
<status status="PASS" start="2026-06-05T15:15:29.899307" elapsed="0.074478"/>
</kw>
<kw name="Sleep" owner="BuiltIn">
<msg time="2026-06-05T15:15:30.974950" level="INFO">Slept 1 second.</msg>
<arg>1s</arg>
<doc>Pauses the test executed for the given time.</doc>
<status status="PASS" start="2026-06-05T15:15:29.974070" elapsed="1.001196"/>
</kw>
<status status="PASS" start="2026-06-05T15:15:29.709398" elapsed="1.266182"/>
</kw>
<kw name="Wait Until Page Contains" owner="SeleniumLibrary">
<msg time="2026-06-05T15:15:36.207930" level="INFO" html="true">&lt;/td&gt;&lt;/tr&gt;&lt;tr&gt;&lt;td colspan="3"&gt;&lt;a href="selenium-screenshot-1.png"&gt;&lt;img src="selenium-screenshot-1.png" width="800px"&gt;&lt;/a&gt;</msg>
<msg time="2026-06-05T15:15:36.208242" level="FAIL">Text 'Erro' did not appear in 5 seconds.</msg>
<arg>${MSG_ERRO}</arg>
<arg>timeout=5s</arg>
<doc>Waits until ``text`` appears on the current page.</doc>
<status status="FAIL" start="2026-06-05T15:15:30.976188" elapsed="5.235625">Text 'Erro' did not appear in 5 seconds.</status>
</kw>
<kw name="Fechar Navegador" type="TEARDOWN">
<kw name="Close Browser" owner="SeleniumLibrary">
<doc>Closes the current browser.</doc>
<status status="PASS" start="2026-06-05T15:15:36.213049" elapsed="2.211629"/>
</kw>
<status status="PASS" start="2026-06-05T15:15:36.212586" elapsed="2.212427"/>
</kw>
<status status="FAIL" start="2026-06-05T15:15:25.248043" elapsed="13.177493">Text 'Erro' did not appear in 5 seconds.</status>
</test>
<test id="s1-t3" name="CT03 - Cancela exclusao com banco disponivel" line="39">
<kw name="Preparar Ambiente Para Exclusao" type="SETUP">
<kw name="Open Browser" owner="SeleniumLibrary">
<msg time="2026-06-05T15:15:38.429984" level="INFO">Opening browser 'Chrome' to base url 'http://localhost:3000/login'.</msg>
<arg>${URL}/login</arg>
<arg>${BROWSER}</arg>
<doc>Opens a new browser instance to the optional ``url``.</doc>
<status status="PASS" start="2026-06-05T15:15:38.429327" elapsed="1.266488"/>
</kw>
<kw name="Maximize Browser Window" owner="SeleniumLibrary">
<doc>Maximizes current browser window.</doc>
<status status="PASS" start="2026-06-05T15:15:39.696100" elapsed="0.026997"/>
</kw>
<kw name="Input Text" owner="SeleniumLibrary">
<msg time="2026-06-05T15:15:39.724269" level="INFO">Typing text 'rhuan@gmail.com' into text field 'id=email'.</msg>
<arg>${INPUT_EMAIL}</arg>
<arg>rhuan@gmail.com</arg>
<doc>Types the given ``text`` into the text field identified by ``locator``.</doc>
<status status="PASS" start="2026-06-05T15:15:39.723515" elapsed="0.130747"/>
</kw>
<kw name="Input Password" owner="SeleniumLibrary">
<msg time="2026-06-05T15:15:39.855006" level="INFO">Typing password into text field 'id=senha'.</msg>
<msg time="2026-06-05T15:15:39.899350" level="INFO">Temporally setting log level to: NONE</msg>
<arg>${INPUT_SENHA}</arg>
<arg>123456</arg>
<doc>Types the given password into the text field identified by ``locator``.</doc>
<status status="PASS" start="2026-06-05T15:15:39.854545" elapsed="0.098970"/>
</kw>
<kw name="Click Button" owner="SeleniumLibrary">
<msg time="2026-06-05T15:15:39.954171" level="INFO">Clicking button 'css=.btn-auth'.</msg>
<arg>${BOTAO_LOGIN}</arg>
<doc>Clicks the button identified by ``locator``.</doc>
<status status="PASS" start="2026-06-05T15:15:39.953778" elapsed="0.442362"/>
</kw>
<kw name="Wait Until Location Is" owner="SeleniumLibrary">
<arg>${URL}/registrar</arg>
<arg>timeout=10s</arg>
<doc>Waits until the current URL is ``expected``.</doc>
<status status="PASS" start="2026-06-05T15:15:40.396406" elapsed="0.007966"/>
</kw>
<kw name="Wait Until Element Is Visible" owner="SeleniumLibrary">
<arg>${INPUT_SISTOLICO}</arg>
<arg>timeout=5s</arg>
<doc>Waits until the element ``locator`` is visible.</doc>
<status status="PASS" start="2026-06-05T15:15:40.404633" elapsed="0.029363"/>
</kw>
<kw name="Input Text" owner="SeleniumLibrary">
<msg time="2026-06-05T15:15:40.434691" level="INFO">Typing text '120' into text field 'id=sistolico'.</msg>
<arg>${INPUT_SISTOLICO}</arg>
<arg>120</arg>
<doc>Types the given ``text`` into the text field identified by ``locator``.</doc>
<status status="PASS" start="2026-06-05T15:15:40.434270" elapsed="0.128105"/>
</kw>
<kw name="Input Text" owner="SeleniumLibrary">
<msg time="2026-06-05T15:15:40.563061" level="INFO">Typing text '80' into text field 'id=diastolico'.</msg>
<arg>${INPUT_DIASTOLICO}</arg>
<arg>80</arg>
<doc>Types the given ``text`` into the text field identified by ``locator``.</doc>
<status status="PASS" start="2026-06-05T15:15:40.562640" elapsed="0.099185"/>
</kw>
<kw name="Click Button" owner="SeleniumLibrary">
<msg time="2026-06-05T15:15:40.662470" level="INFO">Clicking button 'css=button.btn-registrar'.</msg>
<arg>${BTN_REGISTRAR}</arg>
<doc>Clicks the button identified by ``locator``.</doc>
<status status="PASS" start="2026-06-05T15:15:40.662081" elapsed="0.140852"/>
</kw>
<kw name="Wait Until Element Is Visible" owner="SeleniumLibrary">
<arg>css=.alerta-sucesso</arg>
<arg>timeout=10s</arg>
<doc>Waits until the element ``locator`` is visible.</doc>
<status status="PASS" start="2026-06-05T15:15:40.803357" elapsed="0.056607"/>
</kw>
<kw name="Go To" owner="SeleniumLibrary">
<msg time="2026-06-05T15:15:40.860490" level="INFO">Opening url 'http://localhost:3000/historico'</msg>
<arg>${URL}/historico</arg>
<doc>Navigates the current browser window to the provided ``url``.</doc>
<status status="PASS" start="2026-06-05T15:15:40.860237" elapsed="0.058206"/>
</kw>
<kw name="Wait Until Element Is Visible" owner="SeleniumLibrary">
<arg>${BTN_EXCLUIR_LISTA}</arg>
<arg>timeout=15s</arg>
<doc>Waits until the element ``locator`` is visible.</doc>
<status status="PASS" start="2026-06-05T15:15:40.918736" elapsed="0.068105"/>
</kw>
<status status="PASS" start="2026-06-05T15:15:38.428461" elapsed="2.558557"/>
</kw>
<kw name="Selecionar Registro">
<kw name="Scroll Element Into View" owner="SeleniumLibrary">
<arg>${BTN_EXCLUIR_LISTA}</arg>
<doc>Scrolls the element identified by ``locator`` into view.</doc>
<status status="PASS" start="2026-06-05T15:15:40.987883" elapsed="0.289282"/>
</kw>
<kw name="Sleep" owner="BuiltIn">
<msg time="2026-06-05T15:15:42.278286" level="INFO">Slept 1 second.</msg>
<arg>1s</arg>
<doc>Pauses the test executed for the given time.</doc>
<status status="PASS" start="2026-06-05T15:15:41.277423" elapsed="1.001160"/>
</kw>
<kw name="Click Element" owner="SeleniumLibrary">
<msg time="2026-06-05T15:15:42.279805" level="INFO">Clicking element 'css=.btn-excluir'.</msg>
<arg>${BTN_EXCLUIR_LISTA}</arg>
<doc>Click the element identified by ``locator``.</doc>
<status status="PASS" start="2026-06-05T15:15:42.279038" elapsed="0.132318"/>
</kw>
<kw name="Wait Until Element Is Visible" owner="SeleniumLibrary">
<arg>${MODAL}</arg>
<arg>timeout=10s</arg>
<doc>Waits until the element ``locator`` is visible.</doc>
<status status="PASS" start="2026-06-05T15:15:42.411684" elapsed="0.027850"/>
</kw>
<status status="PASS" start="2026-06-05T15:15:40.987501" elapsed="1.452238"/>
</kw>
<kw name="Cancelar Exclusao">
<kw name="Wait Until Element Is Visible" owner="SeleniumLibrary">
<arg>${BTN_CANCELAR}</arg>
<arg>timeout=5s</arg>
<doc>Waits until the element ``locator`` is visible.</doc>
<status status="PASS" start="2026-06-05T15:15:42.440727" elapsed="0.025013"/>
</kw>
<kw name="Click Button" owner="SeleniumLibrary">
<msg time="2026-06-05T15:15:42.466477" level="INFO">Clicking button 'css=.btn-cancelar'.</msg>
<arg>${BTN_CANCELAR}</arg>
<doc>Clicks the button identified by ``locator``.</doc>
<status status="PASS" start="2026-06-05T15:15:42.466017" elapsed="0.115516"/>
</kw>
<kw name="Wait Until Element Is Not Visible" owner="SeleniumLibrary">
<arg>${MODAL}</arg>
<arg>timeout=10s</arg>
<doc>Waits until the element ``locator`` is not visible.</doc>
<status status="PASS" start="2026-06-05T15:15:42.581798" elapsed="0.017063"/>
</kw>
<kw name="Sleep" owner="BuiltIn">
<msg time="2026-06-05T15:15:43.600107" level="INFO">Slept 1 second.</msg>
<arg>1s</arg>
<doc>Pauses the test executed for the given time.</doc>
<status status="PASS" start="2026-06-05T15:15:42.599122" elapsed="1.001178"/>
</kw>
<status status="PASS" start="2026-06-05T15:15:42.440262" elapsed="1.160223"/>
</kw>
<kw name="Registro Deve Existir">
<kw name="Page Should Contain Element" owner="SeleniumLibrary">
<msg time="2026-06-05T15:15:43.614544" level="INFO">Current page contains element 'css=.btn-excluir'.</msg>
<arg>${BTN_EXCLUIR_LISTA}</arg>
<doc>Verifies that element ``locator`` is found on the current page.</doc>
<status status="PASS" start="2026-06-05T15:15:43.601507" elapsed="0.013161"/>
</kw>
<status status="PASS" start="2026-06-05T15:15:43.600992" elapsed="0.013818"/>
</kw>
<kw name="Fechar Navegador" type="TEARDOWN">
<kw name="Close Browser" owner="SeleniumLibrary">
<doc>Closes the current browser.</doc>
<status status="PASS" start="2026-06-05T15:15:43.616415" elapsed="2.184500"/>
</kw>
<status status="PASS" start="2026-06-05T15:15:43.615683" elapsed="2.185479"/>
</kw>
<status status="PASS" start="2026-06-05T15:15:38.427081" elapsed="7.374458"/>
</test>
<test id="s1-t4" name="CT04 - Cancela exclusao com banco indisponivel" line="44">
<kw name="Preparar Ambiente Para Exclusao" type="SETUP">
<kw name="Open Browser" owner="SeleniumLibrary">
<msg time="2026-06-05T15:15:45.804261" level="INFO">Opening browser 'Chrome' to base url 'http://localhost:3000/login'.</msg>
<arg>${URL}/login</arg>
<arg>${BROWSER}</arg>
<doc>Opens a new browser instance to the optional ``url``.</doc>
<status status="PASS" start="2026-06-05T15:15:45.803817" elapsed="1.243877"/>
</kw>
<kw name="Maximize Browser Window" owner="SeleniumLibrary">
<doc>Maximizes current browser window.</doc>
<status status="PASS" start="2026-06-05T15:15:47.047958" elapsed="0.033582"/>
</kw>
<kw name="Input Text" owner="SeleniumLibrary">
<msg time="2026-06-05T15:15:47.083011" level="INFO">Typing text 'rhuan@gmail.com' into text field 'id=email'.</msg>
<arg>${INPUT_EMAIL}</arg>
<arg>rhuan@gmail.com</arg>
<doc>Types the given ``text`` into the text field identified by ``locator``.</doc>
<status status="PASS" start="2026-06-05T15:15:47.081997" elapsed="0.130290"/>
</kw>
<kw name="Input Password" owner="SeleniumLibrary">
<msg time="2026-06-05T15:15:47.212971" level="INFO">Typing password into text field 'id=senha'.</msg>
<msg time="2026-06-05T15:15:47.273325" level="INFO">Temporally setting log level to: NONE</msg>
<arg>${INPUT_SENHA}</arg>
<arg>123456</arg>
<doc>Types the given password into the text field identified by ``locator``.</doc>
<status status="PASS" start="2026-06-05T15:15:47.212553" elapsed="0.125086"/>
</kw>
<kw name="Click Button" owner="SeleniumLibrary">
<msg time="2026-06-05T15:15:47.338740" level="INFO">Clicking button 'css=.btn-auth'.</msg>
<arg>${BOTAO_LOGIN}</arg>
<doc>Clicks the button identified by ``locator``.</doc>
<status status="PASS" start="2026-06-05T15:15:47.338063" elapsed="0.397958"/>
</kw>
<kw name="Wait Until Location Is" owner="SeleniumLibrary">
<arg>${URL}/registrar</arg>
<arg>timeout=10s</arg>
<doc>Waits until the current URL is ``expected``.</doc>
<status status="PASS" start="2026-06-05T15:15:47.736460" elapsed="0.008300"/>
</kw>
<kw name="Wait Until Element Is Visible" owner="SeleniumLibrary">
<arg>${INPUT_SISTOLICO}</arg>
<arg>timeout=5s</arg>
<doc>Waits until the element ``locator`` is visible.</doc>
<status status="PASS" start="2026-06-05T15:15:47.745009" elapsed="0.032979"/>
</kw>
<kw name="Input Text" owner="SeleniumLibrary">
<msg time="2026-06-05T15:15:47.779185" level="INFO">Typing text '120' into text field 'id=sistolico'.</msg>
<arg>${INPUT_SISTOLICO}</arg>
<arg>120</arg>
<doc>Types the given ``text`` into the text field identified by ``locator``.</doc>
<status status="PASS" start="2026-06-05T15:15:47.778429" elapsed="0.108892"/>
</kw>
<kw name="Input Text" owner="SeleniumLibrary">
<msg time="2026-06-05T15:15:47.888001" level="INFO">Typing text '80' into text field 'id=diastolico'.</msg>
<arg>${INPUT_DIASTOLICO}</arg>
<arg>80</arg>
<doc>Types the given ``text`` into the text field identified by ``locator``.</doc>
<status status="PASS" start="2026-06-05T15:15:47.887587" elapsed="0.090871"/>
</kw>
<kw name="Click Button" owner="SeleniumLibrary">
<msg time="2026-06-05T15:15:47.979170" level="INFO">Clicking button 'css=button.btn-registrar'.</msg>
<arg>${BTN_REGISTRAR}</arg>
<doc>Clicks the button identified by ``locator``.</doc>
<status status="PASS" start="2026-06-05T15:15:47.978742" elapsed="0.163120"/>
</kw>
<kw name="Wait Until Element Is Visible" owner="SeleniumLibrary">
<arg>css=.alerta-sucesso</arg>
<arg>timeout=10s</arg>
<doc>Waits until the element ``locator`` is visible.</doc>
<status status="PASS" start="2026-06-05T15:15:48.142299" elapsed="0.044242"/>
</kw>
<kw name="Go To" owner="SeleniumLibrary">
<msg time="2026-06-05T15:15:48.187127" level="INFO">Opening url 'http://localhost:3000/historico'</msg>
<arg>${URL}/historico</arg>
<doc>Navigates the current browser window to the provided ``url``.</doc>
<status status="PASS" start="2026-06-05T15:15:48.186821" elapsed="0.102592"/>
</kw>
<kw name="Wait Until Element Is Visible" owner="SeleniumLibrary">
<arg>${BTN_EXCLUIR_LISTA}</arg>
<arg>timeout=15s</arg>
<doc>Waits until the element ``locator`` is visible.</doc>
<status status="PASS" start="2026-06-05T15:15:48.289692" elapsed="0.028059"/>
</kw>
<status status="PASS" start="2026-06-05T15:15:45.803308" elapsed="2.514741"/>
</kw>
<kw name="Simular Banco Indisponivel">
<kw name="Log" owner="BuiltIn">
<msg time="2026-06-05T15:15:48.320162" level="INFO">Simulação de indisponibilidade</msg>
<arg>Simulação de indisponibilidade</arg>
<doc>Logs the given message with the given level.</doc>
<status status="PASS" start="2026-06-05T15:15:48.319430" elapsed="0.000885"/>
</kw>
<status status="PASS" start="2026-06-05T15:15:48.318765" elapsed="0.001758"/>
</kw>
<kw name="Selecionar Registro">
<kw name="Scroll Element Into View" owner="SeleniumLibrary">
<arg>${BTN_EXCLUIR_LISTA}</arg>
<doc>Scrolls the element identified by ``locator`` into view.</doc>
<status status="PASS" start="2026-06-05T15:15:48.321292" elapsed="0.291240"/>
</kw>
<kw name="Sleep" owner="BuiltIn">
<msg time="2026-06-05T15:15:49.613696" level="INFO">Slept 1 second.</msg>
<arg>1s</arg>
<doc>Pauses the test executed for the given time.</doc>
<status status="PASS" start="2026-06-05T15:15:48.612770" elapsed="1.001271"/>
</kw>
<kw name="Click Element" owner="SeleniumLibrary">
<msg time="2026-06-05T15:15:49.615310" level="INFO">Clicking element 'css=.btn-excluir'.</msg>
<arg>${BTN_EXCLUIR_LISTA}</arg>
<doc>Click the element identified by ``locator``.</doc>
<status status="PASS" start="2026-06-05T15:15:49.614526" elapsed="0.137659"/>
</kw>
<kw name="Wait Until Element Is Visible" owner="SeleniumLibrary">
<arg>${MODAL}</arg>
<arg>timeout=10s</arg>
<doc>Waits until the element ``locator`` is visible.</doc>
<status status="PASS" start="2026-06-05T15:15:49.752527" elapsed="0.031301"/>
</kw>
<status status="PASS" start="2026-06-05T15:15:48.320940" elapsed="1.463129"/>
</kw>
<kw name="Cancelar Exclusao">
<kw name="Wait Until Element Is Visible" owner="SeleniumLibrary">
<arg>${BTN_CANCELAR}</arg>
<arg>timeout=5s</arg>
<doc>Waits until the element ``locator`` is visible.</doc>
<status status="PASS" start="2026-06-05T15:15:49.785182" elapsed="0.027516"/>
</kw>
<kw name="Click Button" owner="SeleniumLibrary">
<msg time="2026-06-05T15:15:49.813545" level="INFO">Clicking button 'css=.btn-cancelar'.</msg>
<arg>${BTN_CANCELAR}</arg>
<doc>Clicks the button identified by ``locator``.</doc>
<status status="PASS" start="2026-06-05T15:15:49.813024" elapsed="0.115203"/>
</kw>
<kw name="Wait Until Element Is Not Visible" owner="SeleniumLibrary">
<arg>${MODAL}</arg>
<arg>timeout=10s</arg>
<doc>Waits until the element ``locator`` is not visible.</doc>
<status status="PASS" start="2026-06-05T15:15:49.928539" elapsed="0.017828"/>
</kw>
<kw name="Sleep" owner="BuiltIn">
<msg time="2026-06-05T15:15:50.947620" level="INFO">Slept 1 second.</msg>
<arg>1s</arg>
<doc>Pauses the test executed for the given time.</doc>
<status status="PASS" start="2026-06-05T15:15:49.946628" elapsed="1.001172"/>
</kw>
<status status="PASS" start="2026-06-05T15:15:49.784645" elapsed="1.163356"/>
</kw>
<kw name="Registro Deve Existir">
<kw name="Page Should Contain Element" owner="SeleniumLibrary">
<msg time="2026-06-05T15:15:50.962308" level="INFO">Current page contains element 'css=.btn-excluir'.</msg>
<arg>${BTN_EXCLUIR_LISTA}</arg>
<doc>Verifies that element ``locator`` is found on the current page.</doc>
<status status="PASS" start="2026-06-05T15:15:50.948928" elapsed="0.013522"/>
</kw>
<status status="PASS" start="2026-06-05T15:15:50.948478" elapsed="0.014121"/>
</kw>
<kw name="Fechar Navegador" type="TEARDOWN">
<kw name="Close Browser" owner="SeleniumLibrary">
<doc>Closes the current browser.</doc>
<status status="PASS" start="2026-06-05T15:15:50.963567" elapsed="2.185551"/>
</kw>
<status status="PASS" start="2026-06-05T15:15:50.963143" elapsed="2.186231"/>
</kw>
<status status="PASS" start="2026-06-05T15:15:45.802401" elapsed="7.347333"/>
</test>
<status status="FAIL" start="2026-06-05T15:15:17.204715" elapsed="35.946535"/>
</suite>
<statistics>
<total>
<stat pass="3" fail="1" skip="0">All Tests</stat>
</total>
<tag>
</tag>
<suite>
<stat name="Medicao" id="s1" pass="3" fail="1" skip="0">Medicao</stat>
</suite>
</statistics>
<errors>
</errors>
</robot>
